1, 2, 3, 4; -- Parity
1, 2, 4, 3; -- Not parity
1, 3, 2, 4; -- Not parity
1, 3, 4, 2; -- Parity
1, 4, 3, 2; -- Not parity
1, 4, 2, 3; -- Parity
2, 1, 3, 4; -- Not parity
2, 1, 4, 3; -- Parity
2, 3, 1, 4; -- Parity
2, 3, 4, 1; -- Not parity
2, 4, 3, 1; -- Parity
2, 4, 1, 3; -- Not parity
3, 2, 1, 4; -- Not parity
3, 2, 4, 1; -- Parity
3, 1, 2, 4; -- Parity
3, 1, 4, 2; -- Not parity
3, 4, 1, 2; -- Parity
3, 4, 2, 1; -- Not parity
4, 2, 3, 1; -- Not parity
4, 2, 1, 3; -- Parity
4, 3, 2, 1; -- Parity
4, 3, 1, 2; -- Not parity
4, 1, 3, 2; -- Parity
4, 1, 2, 3; -- Not parity
---------

